{
  "RSpec": {
    "coverage": {
      "C:/Bitnami/rubystack-2.0.0-25/LearnWebsite/app/models/gallery.rb": [
        1,
        1,
        null,
        1,
        1,
        1,
        null,
        null
      ],
      "C:/Bitnami/rubystack-2.0.0-25/LearnWebsite/app/models/newsletter.rb": [
        1,
        null,
        1,
        1,
        null,
        16,
        8,
        9,
        8,
        null,
        1,
        1,
        1,
        null,
        1,
        1,
        1,
        null,
        null,
        null,
        null
      ],
      "C:/Bitnami/rubystack-2.0.0-25/LearnWebsite/app/models/picture.rb": [
        1,
        1,
        1,
        null,
        1,
        null,
        null,
        1,
        null,
        8,
        null,
        null
      ],
      "C:/Bitnami/rubystack-2.0.0-25/LearnWebsite/app/models/user.rb": [
        1,
        null,
        null,
        1,
        null,
        null,
        4,
        null,
        null
      ],
      "C:/Bitnami/rubystack-2.0.0-25/LearnWebsite/app/helpers/application_helper.rb": [
        1,
        null
      ],
      "C:/Bitnami/rubystack-2.0.0-25/LearnWebsite/app/helpers/galleries_helper.rb": [
        1,
        null,
        null
      ],
      "C:/Bitnami/rubystack-2.0.0-25/LearnWebsite/app/helpers/newsletters_helper.rb": [
        1,
        null
      ],
      "C:/Bitnami/rubystack-2.0.0-25/LearnWebsite/app/helpers/pictures_helper.rb": [
        1,
        null
      ],
      "C:/Bitnami/rubystack-2.0.0-25/LearnWebsite/app/helpers/static_pages_helper.rb": [
        1,
        null
      ],
      "C:/Bitnami/rubystack-2.0.0-25/LearnWebsite/app/helpers/users_helper.rb": [
        1,
        null
      ],
      "C:/Bitnami/rubystack-2.0.0-25/LearnWebsite/app/mailers/newsletter_mailer.rb": [
        1,
        1,
        null,
        1,
        3,
        3,
        3,
        null,
        null,
        null,
        3,
        null,
        null,
        null
      ],
      "C:/Bitnami/rubystack-2.0.0-25/LearnWebsite/app/mailers/application_mailer.rb": [
        1,
        1,
        1,
        null
      ],
      "C:/Bitnami/rubystack-2.0.0-25/LearnWebsite/app/controllers/galleries_controller.rb": [
        1,
        1,
        1,
        null,
        1,
        null,
        null,
        1,
        null,
        null,
        1,
        1,
        null,
        null,
        1,
        3,
        3,
        null,
        null,
        1,
        3,
        3,
        null,
        null,
        1,
        1,
        null,
        1,
        1,
        1,
        1,
        1,
        null,
        null,
        null,
        2,
        1,
        null,
        0,
        0,
        null,
        null,
        null,
        null,
        1,
        1,
        null,
        null,
        1,
        1,
        1,
        1,
        0,
        0,
        null,
        null,
        null,
        1,
        1,
        null,
        0,
        null,
        null,
        null,
        1,
        1,
        1,
        1,
        null,
        null,
        1,
        null,
        1,
        2,
        null,
        null,
        null,
        1,
        7,
        null,
        null,
        null
      ],
      "C:/Bitnami/rubystack-2.0.0-25/LearnWebsite/app/controllers/application_controller.rb": [
        1,
        null,
        null,
        1,
        1,
        1,
        null,
        1,
        null,
        1,
        6,
        null,
        6,
        null,
        null,
        null,
        null,
        null
      ],
      "C:/Bitnami/rubystack-2.0.0-25/LearnWebsite/app/controllers/static_pages_controller.rb": [
        1,
        1,
        1,
        null,
        1,
        null,
        null,
        1,
        null,
        null,
        1,
        null,
        null,
        1,
        4,
        4,
        null,
        null,
        1,
        null,
        1,
        0,
        null,
        null
      ],
      "C:/Bitnami/rubystack-2.0.0-25/LearnWebsite/app/controllers/newsletters_controller.rb": [
        1,
        1,
        1,
        null,
        1,
        2,
        null,
        null,
        1,
        5,
        5,
        2,
        null,
        null,
        null,
        1,
        7,
        7,
        7,
        null,
        null,
        1,
        2,
        null,
        2,
        2,
        2,
        2,
        1,
        null,
        null,
        4,
        2,
        null,
        0,
        0,
        null,
        null,
        null,
        null,
        1,
        1,
        null,
        null,
        1,
        1,
        1,
        1,
        1,
        null,
        0,
        null,
        null,
        null,
        1,
        1,
        1,
        1,
        null,
        null,
        1,
        null,
        1,
        3,
        null,
        null,
        1,
        19,
        0,
        0,
        0,
        null,
        null,
        null,
        1,
        9,
        null,
        null
      ],
      "C:/Bitnami/rubystack-2.0.0-25/LearnWebsite/app/workers/email_worker.rb": [
        1,
        1,
        null,
        null,
        1,
        0,
        0,
        null,
        0,
        0,
        0,
        0,
        null,
        null,
        null
      ]
    },
    "timestamp": 1444707788
  }
}
